!      ---- Modo de Desenho da Barra ---
BU
!      ---- Tamanho da Fonte das Legendas ---
F 5
!      ---- Cores (Fundo - Identificador - Numero - Valor - Grid - Fluxo Ativo - Fluxo Reativo)---
RF 255 255 255
RI 128 0 128
RN 128 0 128
RV 0 0 255
RG 0 0 0
RA 0 0 255
RR 255 0 0
!      ---- Grupos Base de Tensão ----
!Ten  lar  R   G   B ID
G 138 1 0 0 0  1
G 66 2 255 0 0  S
G 1 2 0 0 0  0
G 33 2 34 139 34  T
!    ---- Componentes ----
!Numero Tipo Rot Hac Px Py Cor sl SubTp ch1 ch2 ch3 ch4 Descrip
C  1  1 1025 0   6288   7680  1  0 -  1  0  0  0 0
C  2  1 1537 0   6656   7664  1  0 -  2  0  0  0 0
C  3  1 1281 0   7312   7696  1  0 -  3  0  0  0 0
C  4  1 2048 0   6992   7472  1  0 -  4  0  0  0 0
C  5  1 2304 0   6192   7472  1  0 -  5  0  0  0 0
C  6  1 1280 0   6336   7280  2  0 -  6  0  0  0 0
C  7  1 1281 0   7168   7344  3  0 1  7  0  0  0 0
C  9  1 1280 0   6976   7200  2  0 -  9  0  0  0 0
C 10  1 769 0   6896   7040  2  0 - 10  0  0  0 0
C 11  1 769 0   6672   7040  2  0 - 11  0  0  0 0
C 12  1 769 0 6283.44 6833.14  2  0 - 12  0  0  0 0
C 13  1 1025 0   6608   6816  2  0 - 13  0  0  0 0
C 14  1 1025 0   7200   6816  2  0 - 14  0  0  0 0
C 59  1 256 0   7264   7200  4  0 -  8  0  0  0 0
C 23  9 2 0   7168   7390  0  0 -  1  4  7  0 0
C 24  9 2 0   7088   7328  0  0 -  1  4  9  0 0
C 25  9 2 0   6448   7374  0  0 -  1  5  6  0 0
C 30  9 2 0   7168   7278  0  0 -  1  7  9  0 0
C 38  5 1 0   6944   7408  1  0 -  1  4  0  0 0
C 39  5 3 0   6592   7408  1  0 -  1  5  0  0 0
C 40  5 3 0   6592   7328  2  0 -  1  6  0  0 0
C 42  5 0 0   6832   7216  2  0 -  1 10  0  0 0
C 43  5 0 0   6752   7216  2  0 -  1 11  0  0 0
C 44  5 0 0 6203.44 6977.14  2  0 -  1 12  0  0 0
C 47  4 1 0   6208   7776  1  0 -  1  1  0  0 0
C 48  4 1 0   6576   7888  1  0 -  1  2  0  0 0
C 50  4 1 0   6304   7328  2  0 -  1  6  0  0 0
C 53  4 3 0   7328   6848  2  0 -  1 14  0  0 0
C 54  6 0 0   7024   7296  2  0 -  1  9  0  0 0
C 60  9 2 0   7280   7310  0  0 -  1  7  8  0 0
C 61  4 2 0   7280   7152  4  0 -  1  8  0  0 0
C 64  5 2 0   7168   7136  2  0 -  1  9  0  0 0
C 65  5 3 0   7312   6912  2  0 -  1 14  0  0 0
C 66  5 3 0   6656   6928  2  0 -  1 13  0  0 0
C 70  5 3 0   6704   7904  1  0 -  1  2  0  0 0
C 72  5 1 0   7248   7888  1  0 -  1  3  0  0 0
C 73  6 0 0   7376   7824  1  0 -  1  3  0  0 0
!      ---- Linhas ----
!Numero Tipo hac sl De Para ch1 nsg segmentos
L16 14 0 0   1   2  2  1 3 
L17 14 0 0   1   5  1  1 5 
L18 14 0 0   2   3  1  1 7 
L19 14 0 0   2   4  1  1 9 
L20 14 0 0   2   5  1  1 11 
L26 14 0 0   6  11  1  1 23 
L28 14 0 0   6  13  1  1 27 
L31 14 0 0   9  10  1  1 33 
L32 14 0 0   9  14  1  1 35 
L34 14 0 0  12  13  1  1 39 
L35 14 0 0  13  14  1  1 41 
!     ---- Ligacoes ----
!Numero Flags cor Inic Coni Fin Conf Linhas nqb quebras
U 3 0  1   1  11   2  12  16   0 
U 5 0  1   1   3   5  13  17   1    6384   7712
U 7 0  1   2  11   3   9  18   1    7192   7824
U 9 0  1   2   6   4   9  19   1    7120   7744
U11 0  1   2   4   5  17  20   1    6448   7712
U17 0  1  23   1   4  12  -1   1    7168   7424
U18 0  3  23   2   7  12  -1   0 
U19 0  1  24   1   4   7  -1   0 
U20 0  2  24   2   9   8  -1   0 
U21 0  1  25   1   5  17  -1   0 
U22 0  2  25   2   6   8  -1   0 
U23 0  2   6  12  11   6  26   1    6512   7120
U27 0  2   6   8  13   8  28   1    6448   6928
U31 0  3  30   1   7   7  -1   0 
U32 0  2  30   2   9  13  -1   1    7168   7248
U33 0  2   9   6  10   6  31   1    7056   7120
U35 0  2   9   9  14   9  32   1    7104   6944
U39 0  2  12   3  13   4  34   0 
U41 0  2  13   4  14   4  35   0 
U45 0  1  38   1   4   3  -1   1    7024   7408
U46 0  1  39   1   5  21  -1   1    6512   7408
U47 0  2  40   1   6  12  -1   1    6512   7328
U49 0  2  42   1  10   8  -1   1    6832   7152
U50 0  2  43   1  11   8  -1   1    6752   7152
U51 0  2  44   1  12   7  -1   1  6203.44 6929.14
U54 0  1  47   1   1   7  -1   0 
U55 0  1  48   1   2  15  -1   0 
U57 0  2  50   1   6   4  -1   1    6384   7328
U60 0  2  53   1  14   3  -1   0 
U61 0  2  54   1   9   4  -1   0 
U67 0  4  59   2  60   2  -1   0 
U68 0  4  59   2  61   1  -1   0 
U66 0  3   7   4  60   1  -1   1    7280   7344
U71 0  2  64   1   9  13  -1   0 
U72 0  2  14   7  65   1  -1   0 
U73 0  2  66   1  13   8  -1   0 
U76 0  1  70   1   2  16  -1   0 
U77 0  1  72   1   3  13  -1   0 
U78 0  1  73   1   3   8  -1   1    7296   7824
!    ---- Posição de Legenda de Componentes ----
!NumCompo Label Rot Px Py
X   1  0  1   -72.90   -13.68
X   1  1  1   -20.32     2.32
X   1  2  1   -36.63    18.32
X   2  1  1    11.68     2.32
X   2  2  1   -52.63    18.32
X   3  0  1   -48.90   -29.68
X   3  2  1   -20.63    18.32
X   4  0  0   -96.00   -13.68
X   4  1  0   -36.32     2.32
X   4  2  0   -65.63    34.32
X   5  0  0   -24.90   -29.68
X   5  2  0   -17.63    18.32
X   6  0  0   -96.00   -29.68
X   6  1  0   -52.32     2.32
X   6  2  0   -17.63    18.32
X   7  0  1    16.04    19.51
X   7  1  1    11.68   -13.68
X   9  0  0   -96.00    34.32
X   9  1  0   -20.32    18.32
X   9  2  0   -17.63   -13.68
X  10  0  1     7.10   -29.68
X  10  2  1   -36.63    18.32
X  11  0  1   -24.90   -13.68
X  11  1  1   -39.65    18.32
X  12  0  1    -8.90   -29.68
X  12  2  1   -20.63    18.32
X  13  0  1    -8.90   -29.68
X  13  2  1   -84.63     2.32
X  14  0  1   -24.90   -29.68
X  14  1  1    12.35     9.53
X  14  2  1   -36.63    18.32
X  59  0  0    23.10   -13.68
X  59  1  0    43.68    18.32
X  59  2  0   -49.63   -13.68
X  38  1  1   -46.30   -13.68
X  38  2  1   -62.30     2.32
X  39  1  3    18.95   -13.68
X  39  2  3    15.63    18.32
X  40  1  3    47.63   -13.68
X  40  2  3    47.63    18.32
X  42  1  0    -7.03    18.32
X  42  2  0   -26.98    34.32
X  43  1  0   -23.03    18.32
X  43  2  0   -42.98    34.32
X  44  1  0    13.54    33.18
X  44  2  0    -6.41    49.18
X  47  2  1    21.02    18.32
X  48  2  1    17.70    18.32
X  50  2  1    17.70    18.32
X  53  1  3   -35.70   -13.68
X  53  2  3   -35.70    18.32
X  54  1  0   -62.30    34.32
X  60  0  2   -65.63     2.32
X  61  1  2    54.53   -37.64
X  61  2  2    22.00   -13.64
X  64  1  2    12.30   -29.68
X  65  1  3    12.30    18.32
X  65  2  3     8.97    34.32
X  66  1  3    60.30     2.32
X  66  2  3    40.97    18.32
X  70  1  3    76.30     2.32
X  70  2  3    76.30    34.32
X  72  1  1   -62.30     2.32
X  72  2  1   -54.30    34.32
!     ---- Posição de Legenda de Ligacoes ----
!Lado NumLig Label Px Py
YI   3  2    12.00    18.32
YF   3  2   -19.78    20.09
YI   5  1    -4.00   -13.68
YI   5  2    -4.00    18.32
YF   5  1   -30.00   -13.68
YF   5  2   -30.00    18.32
YI   7  1    12.00   -13.68
YI   7  2    32.05    22.13
YF   7  1     2.00   -13.68
YF   7  2    -0.81    18.03
YI   9  1    12.00   -13.68
YI   9  2    40.54    18.56
YF   9  1   -14.00   -13.68
YF   9  2   -14.00    18.32
YI  11  1    -1.00   -13.68
YI  11  2   -15.56    19.05
YF  11  1   -30.00   -13.68
YF  11  2   -30.00    18.32
YF  17  1     8.62   -13.36
YF  17  2     7.26    20.74
YF  18  2     2.00    18.32
YF  19  1    -4.00   -13.68
YF  19  2     0.14    17.74
YF  20  2    -0.33    13.49
YF  21  2     8.14    17.83
YF  22  1   -14.00   -13.68
YF  22  2   -14.00    18.32
YI  23  1    12.00   -13.68
YI  23  2    12.00    18.32
YF  23  1   -14.00   -13.68
YF  23  2   -14.00    18.32
YI  27  1    28.00   -13.68
YI  27  2    28.00    18.32
YF  27  1   -14.00   -13.68
YF  27  2   -14.00    18.32
YF  31  2     2.00    18.32
YF  32  2    -7.08    18.44
YI  35  2    -4.00    18.32
YF  35  2     2.00    18.32
YI  39  1    12.00   -13.68
YI  39  2    28.00    18.32
YF  39  1   -14.00   -13.68
YF  39  2   -14.00    18.32
YI  41  1    12.00   -13.68
YI  41  2    12.00    18.32
YF  41  1   -14.00   -13.68
YF  41  2   -14.00    18.32
YI  67  2   -14.00    18.32
YI  66  2    -9.00    18.32
